running egg_info
writing build/control_law/control_law.egg-info/PKG-INFO
writing dependency_links to build/control_law/control_law.egg-info/dependency_links.txt
writing entry points to build/control_law/control_law.egg-info/entry_points.txt
writing requirements to build/control_law/control_law.egg-info/requires.txt
writing top-level names to build/control_law/control_law.egg-info/top_level.txt
reading manifest file 'build/control_law/control_law.egg-info/SOURCES.txt'
adding license file 'LICENSE'
writing manifest file 'build/control_law/control_law.egg-info/SOURCES.txt'
running build
running build_py
copying control_law/control.py -> /home/michel/dev_ws/src/control_law/build/control_law/build/lib/control_law
running install
running install_lib
copying /home/michel/dev_ws/src/control_law/build/control_law/build/lib/control_law/control.py -> /home/michel/dev_ws/src/control_law/install/control_law/lib/python3.10/site-packages/control_law
byte-compiling /home/michel/dev_ws/src/control_law/install/control_law/lib/python3.10/site-packages/control_law/control.py to control.cpython-310.pyc
running install_data
running install_egg_info
removing '/home/michel/dev_ws/src/control_law/install/control_law/lib/python3.10/site-packages/control_law-0.0.0-py3.10.egg-info' (and everything under it)
Copying build/control_law/control_law.egg-info to /home/michel/dev_ws/src/control_law/install/control_law/lib/python3.10/site-packages/control_law-0.0.0-py3.10.egg-info
running install_scripts
Installing control script to /home/michel/dev_ws/src/control_law/install/control_law/lib/control_law
writing list of installed files to '/home/michel/dev_ws/src/control_law/build/control_law/install.log'
