[0.489s] Invoking command in '/home/michel/dev_ws/src/control_law': PYTHONPATH=/home/michel/dev_ws/src/control_law/build/control_law/prefix_override:/home/michel/dev_ws/src/control_law/install/control_law/lib/python3.10/site-packages:${PYTHONPATH} /usr/bin/python3 setup.py egg_info --egg-base build/control_law build --build-base /home/michel/dev_ws/src/control_law/build/control_law/build install --record /home/michel/dev_ws/src/control_law/build/control_law/install.log --single-version-externally-managed
[0.642s] running egg_info
[0.642s] writing build/control_law/control_law.egg-info/PKG-INFO
[0.643s] writing dependency_links to build/control_law/control_law.egg-info/dependency_links.txt
[0.643s] writing entry points to build/control_law/control_law.egg-info/entry_points.txt
[0.643s] writing requirements to build/control_law/control_law.egg-info/requires.txt
[0.643s] writing top-level names to build/control_law/control_law.egg-info/top_level.txt
[0.644s] reading manifest file 'build/control_law/control_law.egg-info/SOURCES.txt'
[0.644s] adding license file 'LICENSE'
[0.644s] writing manifest file 'build/control_law/control_law.egg-info/SOURCES.txt'
[0.644s] running build
[0.644s] running build_py
[0.644s] copying control_law/control.py -> /home/michel/dev_ws/src/control_law/build/control_law/build/lib/control_law
[0.644s] running install
[0.645s] running install_lib
[0.645s] copying /home/michel/dev_ws/src/control_law/build/control_law/build/lib/control_law/control.py -> /home/michel/dev_ws/src/control_law/install/control_law/lib/python3.10/site-packages/control_law
[0.645s] byte-compiling /home/michel/dev_ws/src/control_law/install/control_law/lib/python3.10/site-packages/control_law/control.py to control.cpython-310.pyc
[0.646s] running install_data
[0.646s] running install_egg_info
[0.647s] removing '/home/michel/dev_ws/src/control_law/install/control_law/lib/python3.10/site-packages/control_law-0.0.0-py3.10.egg-info' (and everything under it)
[0.648s] Copying build/control_law/control_law.egg-info to /home/michel/dev_ws/src/control_law/install/control_law/lib/python3.10/site-packages/control_law-0.0.0-py3.10.egg-info
[0.648s] running install_scripts
[0.660s] Installing control script to /home/michel/dev_ws/src/control_law/install/control_law/lib/control_law
[0.661s] writing list of installed files to '/home/michel/dev_ws/src/control_law/build/control_law/install.log'
[0.677s] Invoked command in '/home/michel/dev_ws/src/control_law' returned '0': PYTHONPATH=/home/michel/dev_ws/src/control_law/build/control_law/prefix_override:/home/michel/dev_ws/src/control_law/install/control_law/lib/python3.10/site-packages:${PYTHONPATH} /usr/bin/python3 setup.py egg_info --egg-base build/control_law build --build-base /home/michel/dev_ws/src/control_law/build/control_law/build install --record /home/michel/dev_ws/src/control_law/build/control_law/install.log --single-version-externally-managed
