[0.504s] Invoking command in '/home/michel/dev_ws/src/control_law': PYTHONPATH=/home/michel/dev_ws/src/control_law/build/control_law/prefix_override:/home/michel/dev_ws/src/control_law/install/control_law/lib/python3.10/site-packages:${PYTHONPATH} /usr/bin/python3 setup.py egg_info --egg-base build/control_law build --build-base /home/michel/dev_ws/src/control_law/build/control_law/build install --record /home/michel/dev_ws/src/control_law/build/control_law/install.log --single-version-externally-managed
[0.663s] running egg_info
[0.663s] creating build/control_law/control_law.egg-info
[0.663s] writing build/control_law/control_law.egg-info/PKG-INFO
[0.663s] writing dependency_links to build/control_law/control_law.egg-info/dependency_links.txt
[0.663s] writing entry points to build/control_law/control_law.egg-info/entry_points.txt
[0.663s] writing requirements to build/control_law/control_law.egg-info/requires.txt
[0.663s] writing top-level names to build/control_law/control_law.egg-info/top_level.txt
[0.663s] writing manifest file 'build/control_law/control_law.egg-info/SOURCES.txt'
[0.664s] reading manifest file 'build/control_law/control_law.egg-info/SOURCES.txt'
[0.664s] adding license file 'LICENSE'
[0.665s] writing manifest file 'build/control_law/control_law.egg-info/SOURCES.txt'
[0.665s] running build
[0.665s] running build_py
[0.665s] creating /home/michel/dev_ws/src/control_law/build/control_law/build
[0.665s] creating /home/michel/dev_ws/src/control_law/build/control_law/build/lib
[0.665s] creating /home/michel/dev_ws/src/control_law/build/control_law/build/lib/control_law
[0.665s] copying control_law/control.py -> /home/michel/dev_ws/src/control_law/build/control_law/build/lib/control_law
[0.665s] copying control_law/__init__.py -> /home/michel/dev_ws/src/control_law/build/control_law/build/lib/control_law
[0.665s] running install
[0.665s] running install_lib
[0.666s] creating /home/michel/dev_ws/src/control_law/install/control_law/lib/python3.10/site-packages/control_law
[0.666s] copying /home/michel/dev_ws/src/control_law/build/control_law/build/lib/control_law/control.py -> /home/michel/dev_ws/src/control_law/install/control_law/lib/python3.10/site-packages/control_law
[0.666s] copying /home/michel/dev_ws/src/control_law/build/control_law/build/lib/control_law/__init__.py -> /home/michel/dev_ws/src/control_law/install/control_law/lib/python3.10/site-packages/control_law
[0.666s] byte-compiling /home/michel/dev_ws/src/control_law/install/control_law/lib/python3.10/site-packages/control_law/control.py to control.cpython-310.pyc
[0.667s] byte-compiling /home/michel/dev_ws/src/control_law/install/control_law/lib/python3.10/site-packages/control_law/__init__.py to __init__.cpython-310.pyc
[0.667s] running install_data
[0.667s] creating /home/michel/dev_ws/src/control_law/install/control_law/share/ament_index
[0.667s] creating /home/michel/dev_ws/src/control_law/install/control_law/share/ament_index/resource_index
[0.667s] creating /home/michel/dev_ws/src/control_law/install/control_law/share/ament_index/resource_index/packages
[0.667s] copying resource/control_law -> /home/michel/dev_ws/src/control_law/install/control_law/share/ament_index/resource_index/packages
[0.667s] copying package.xml -> /home/michel/dev_ws/src/control_law/install/control_law/share/control_law
[0.667s] running install_egg_info
[0.668s] Copying build/control_law/control_law.egg-info to /home/michel/dev_ws/src/control_law/install/control_law/lib/python3.10/site-packages/control_law-0.0.0-py3.10.egg-info
[0.669s] running install_scripts
[0.682s] Installing control script to /home/michel/dev_ws/src/control_law/install/control_law/lib/control_law
[0.682s] writing list of installed files to '/home/michel/dev_ws/src/control_law/build/control_law/install.log'
[0.700s] Invoked command in '/home/michel/dev_ws/src/control_law' returned '0': PYTHONPATH=/home/michel/dev_ws/src/control_law/build/control_law/prefix_override:/home/michel/dev_ws/src/control_law/install/control_law/lib/python3.10/site-packages:${PYTHONPATH} /usr/bin/python3 setup.py egg_info --egg-base build/control_law build --build-base /home/michel/dev_ws/src/control_law/build/control_law/build install --record /home/michel/dev_ws/src/control_law/build/control_law/install.log --single-version-externally-managed
